

Microchip MPLAB XC8 Assembler V2.32 build 20210201212658 
                                                                                               Thu Jan 27 00:51:08 2022

Microchip MPLAB XC8 C Compiler v2.32 (Free license) build 20210201212658 Og1 
     1                           	processor	16F887
     2                           	pagewidth 120
     3                           	opt	flic
     4                           	psect	cinit,global,class=CODE,merge=1,delta=2
     5                           	psect	bssCOMMON,global,class=COMMON,space=1,delta=1,noexec
     6                           	psect	bssBANK0,global,class=BANK0,space=1,delta=1,noexec
     7                           	psect	cstackCOMMON,global,class=COMMON,space=1,delta=1,noexec
     8                           	psect	cstackBANK0,global,class=BANK0,space=1,delta=1,noexec
     9                           	psect	maintext,global,class=CODE,split=1,delta=2
    10                           	psect	text1,local,class=CODE,merge=1,delta=2
    11                           	psect	text2,local,class=CODE,merge=1,delta=2
    12                           	psect	text3,local,class=CODE,merge=1,delta=2
    13                           	psect	text4,local,class=CODE,merge=1,delta=2
    14                           	psect	text5,local,class=CODE,merge=1,delta=2
    15                           	psect	text6,local,class=CODE,merge=1,delta=2
    16                           	psect	text7,local,class=CODE,merge=1,delta=2
    17                           	psect	text8,local,class=CODE,merge=1,delta=2
    18                           	psect	text9,local,class=CODE,merge=1,delta=2
    19                           	psect	intentry,global,class=CODE,delta=2
    20                           	psect	config,global,abs,ovrld,class=CONFIG,space=4,delta=2,noexec
    21                           	dabs	1,0x7E,2
    22  0000                     
    23                           ; Version 2.20
    24                           ; Generated 12/02/2020 GMT
    25                           ; 
    26                           ; Copyright © 2020, Microchip Technology Inc. and its subsidiaries ("Microchip")
    27                           ; All rights reserved.
    28                           ; 
    29                           ; This software is developed by Microchip Technology Inc. and its subsidiaries ("Microch
      +                          ip").
    30                           ; 
    31                           ; Redistribution and use in source and binary forms, with or without modification, are
    32                           ; permitted provided that the following conditions are met:
    33                           ; 
    34                           ;     1. Redistributions of source code must retain the above copyright notice, this lis
      +                          t of
    35                           ;        conditions and the following disclaimer.
    36                           ; 
    37                           ;     2. Redistributions in binary form must reproduce the above copyright notice, this 
      +                          list
    38                           ;        of conditions and the following disclaimer in the documentation and/or other
    39                           ;        materials provided with the distribution.
    40                           ; 
    41                           ;     3. Microchip's name may not be used to endorse or promote products derived from th
      +                          is
    42                           ;        software without specific prior written permission.
    43                           ; 
    44                           ; THIS SOFTWARE IS PROVIDED BY MICROCHIP "AS IS" AND ANY EXPRESS OR IMPLIED WARRANTIES,
    45                           ; INCLUDING, BUT NOT LIMITED TO, THE IMPLIED WARRANTIES OF MERCHANTABILITY AND FITNESS F
      +                          OR
    46                           ; PURPOSE ARE DISCLAIMED.  IN NO EVENT SHALL MICROCHIP BE LIABLE FOR ANY DIRECT, INDIREC
      +                          T,
    47                           ; INCIDENTAL, SPECIAL, EXEMPLARY, OR CONSEQUENTIAL DAMAGES (INCLUDING BUT NOT LIMITED TO
    48                           ; PROCUREMENT OF SUBSTITUTE GOODS OR SERVICES; LOSS OF USE, DATA OR PROFITS; OR BUSINESS
    49                           ; INTERRUPTION) HOWSOEVER CAUSED AND ON ANY THEORY OF LIABILITY, WHETHER IN CONTRACT, ST
      +                          RICT
    50                           ; LIABILITY, OR TORT (INCLUDING NEGLIGENCE OR OTHERWISE) ARISING IN ANY WAY OUT OF THE U
      +                          SE OF
    51                           ; THIS SOFTWARE, EVEN IF ADVISED OF THE POSSIBILITY OF SUCH DAMAGE.
    52                           ; 
    53                           ; 
    54                           ; Code-generator required, PIC16F887 Definitions
    55                           ; 
    56                           ; SFR Addresses
    57  0000                     	;# 
    58  0001                     	;# 
    59  0002                     	;# 
    60  0003                     	;# 
    61  0004                     	;# 
    62  0005                     	;# 
    63  0006                     	;# 
    64  0007                     	;# 
    65  0008                     	;# 
    66  0009                     	;# 
    67  000A                     	;# 
    68  000B                     	;# 
    69  000C                     	;# 
    70  000D                     	;# 
    71  000E                     	;# 
    72  000E                     	;# 
    73  000F                     	;# 
    74  0010                     	;# 
    75  0011                     	;# 
    76  0012                     	;# 
    77  0013                     	;# 
    78  0014                     	;# 
    79  0015                     	;# 
    80  0015                     	;# 
    81  0016                     	;# 
    82  0017                     	;# 
    83  0018                     	;# 
    84  0019                     	;# 
    85  001A                     	;# 
    86  001B                     	;# 
    87  001B                     	;# 
    88  001C                     	;# 
    89  001D                     	;# 
    90  001E                     	;# 
    91  001F                     	;# 
    92  0081                     	;# 
    93  0085                     	;# 
    94  0086                     	;# 
    95  0087                     	;# 
    96  0088                     	;# 
    97  0089                     	;# 
    98  008C                     	;# 
    99  008D                     	;# 
   100  008E                     	;# 
   101  008F                     	;# 
   102  0090                     	;# 
   103  0091                     	;# 
   104  0092                     	;# 
   105  0093                     	;# 
   106  0093                     	;# 
   107  0093                     	;# 
   108  0094                     	;# 
   109  0095                     	;# 
   110  0096                     	;# 
   111  0097                     	;# 
   112  0098                     	;# 
   113  0099                     	;# 
   114  009A                     	;# 
   115  009B                     	;# 
   116  009C                     	;# 
   117  009D                     	;# 
   118  009E                     	;# 
   119  009F                     	;# 
   120  0105                     	;# 
   121  0107                     	;# 
   122  0108                     	;# 
   123  0109                     	;# 
   124  010C                     	;# 
   125  010C                     	;# 
   126  010D                     	;# 
   127  010E                     	;# 
   128  010F                     	;# 
   129  0185                     	;# 
   130  0187                     	;# 
   131  0188                     	;# 
   132  0189                     	;# 
   133  018C                     	;# 
   134  018D                     	;# 
   135  0000                     	;# 
   136  0001                     	;# 
   137  0002                     	;# 
   138  0003                     	;# 
   139  0004                     	;# 
   140  0005                     	;# 
   141  0006                     	;# 
   142  0007                     	;# 
   143  0008                     	;# 
   144  0009                     	;# 
   145  000A                     	;# 
   146  000B                     	;# 
   147  000C                     	;# 
   148  000D                     	;# 
   149  000E                     	;# 
   150  000E                     	;# 
   151  000F                     	;# 
   152  0010                     	;# 
   153  0011                     	;# 
   154  0012                     	;# 
   155  0013                     	;# 
   156  0014                     	;# 
   157  0015                     	;# 
   158  0015                     	;# 
   159  0016                     	;# 
   160  0017                     	;# 
   161  0018                     	;# 
   162  0019                     	;# 
   163  001A                     	;# 
   164  001B                     	;# 
   165  001B                     	;# 
   166  001C                     	;# 
   167  001D                     	;# 
   168  001E                     	;# 
   169  001F                     	;# 
   170  0081                     	;# 
   171  0085                     	;# 
   172  0086                     	;# 
   173  0087                     	;# 
   174  0088                     	;# 
   175  0089                     	;# 
   176  008C                     	;# 
   177  008D                     	;# 
   178  008E                     	;# 
   179  008F                     	;# 
   180  0090                     	;# 
   181  0091                     	;# 
   182  0092                     	;# 
   183  0093                     	;# 
   184  0093                     	;# 
   185  0093                     	;# 
   186  0094                     	;# 
   187  0095                     	;# 
   188  0096                     	;# 
   189  0097                     	;# 
   190  0098                     	;# 
   191  0099                     	;# 
   192  009A                     	;# 
   193  009B                     	;# 
   194  009C                     	;# 
   195  009D                     	;# 
   196  009E                     	;# 
   197  009F                     	;# 
   198  0105                     	;# 
   199  0107                     	;# 
   200  0108                     	;# 
   201  0109                     	;# 
   202  010C                     	;# 
   203  010C                     	;# 
   204  010D                     	;# 
   205  010E                     	;# 
   206  010F                     	;# 
   207  0185                     	;# 
   208  0187                     	;# 
   209  0188                     	;# 
   210  0189                     	;# 
   211  018C                     	;# 
   212  018D                     	;# 
   213  0000                     	;# 
   214  0001                     	;# 
   215  0002                     	;# 
   216  0003                     	;# 
   217  0004                     	;# 
   218  0005                     	;# 
   219  0006                     	;# 
   220  0007                     	;# 
   221  0008                     	;# 
   222  0009                     	;# 
   223  000A                     	;# 
   224  000B                     	;# 
   225  000C                     	;# 
   226  000D                     	;# 
   227  000E                     	;# 
   228  000E                     	;# 
   229  000F                     	;# 
   230  0010                     	;# 
   231  0011                     	;# 
   232  0012                     	;# 
   233  0013                     	;# 
   234  0014                     	;# 
   235  0015                     	;# 
   236  0015                     	;# 
   237  0016                     	;# 
   238  0017                     	;# 
   239  0018                     	;# 
   240  0019                     	;# 
   241  001A                     	;# 
   242  001B                     	;# 
   243  001B                     	;# 
   244  001C                     	;# 
   245  001D                     	;# 
   246  001E                     	;# 
   247  001F                     	;# 
   248  0081                     	;# 
   249  0085                     	;# 
   250  0086                     	;# 
   251  0087                     	;# 
   252  0088                     	;# 
   253  0089                     	;# 
   254  008C                     	;# 
   255  008D                     	;# 
   256  008E                     	;# 
   257  008F                     	;# 
   258  0090                     	;# 
   259  0091                     	;# 
   260  0092                     	;# 
   261  0093                     	;# 
   262  0093                     	;# 
   263  0093                     	;# 
   264  0094                     	;# 
   265  0095                     	;# 
   266  0096                     	;# 
   267  0097                     	;# 
   268  0098                     	;# 
   269  0099                     	;# 
   270  009A                     	;# 
   271  009B                     	;# 
   272  009C                     	;# 
   273  009D                     	;# 
   274  009E                     	;# 
   275  009F                     	;# 
   276  0105                     	;# 
   277  0107                     	;# 
   278  0108                     	;# 
   279  0109                     	;# 
   280  010C                     	;# 
   281  010C                     	;# 
   282  010D                     	;# 
   283  010E                     	;# 
   284  010F                     	;# 
   285  0185                     	;# 
   286  0187                     	;# 
   287  0188                     	;# 
   288  0189                     	;# 
   289  018C                     	;# 
   290  018D                     	;# 
   291  0000                     	;# 
   292  0001                     	;# 
   293  0002                     	;# 
   294  0003                     	;# 
   295  0004                     	;# 
   296  0005                     	;# 
   297  0006                     	;# 
   298  0007                     	;# 
   299  0008                     	;# 
   300  0009                     	;# 
   301  000A                     	;# 
   302  000B                     	;# 
   303  000C                     	;# 
   304  000D                     	;# 
   305  000E                     	;# 
   306  000E                     	;# 
   307  000F                     	;# 
   308  0010                     	;# 
   309  0011                     	;# 
   310  0012                     	;# 
   311  0013                     	;# 
   312  0014                     	;# 
   313  0015                     	;# 
   314  0015                     	;# 
   315  0016                     	;# 
   316  0017                     	;# 
   317  0018                     	;# 
   318  0019                     	;# 
   319  001A                     	;# 
   320  001B                     	;# 
   321  001B                     	;# 
   322  001C                     	;# 
   323  001D                     	;# 
   324  001E                     	;# 
   325  001F                     	;# 
   326  0081                     	;# 
   327  0085                     	;# 
   328  0086                     	;# 
   329  0087                     	;# 
   330  0088                     	;# 
   331  0089                     	;# 
   332  008C                     	;# 
   333  008D                     	;# 
   334  008E                     	;# 
   335  008F                     	;# 
   336  0090                     	;# 
   337  0091                     	;# 
   338  0092                     	;# 
   339  0093                     	;# 
   340  0093                     	;# 
   341  0093                     	;# 
   342  0094                     	;# 
   343  0095                     	;# 
   344  0096                     	;# 
   345  0097                     	;# 
   346  0098                     	;# 
   347  0099                     	;# 
   348  009A                     	;# 
   349  009B                     	;# 
   350  009C                     	;# 
   351  009D                     	;# 
   352  009E                     	;# 
   353  009F                     	;# 
   354  0105                     	;# 
   355  0107                     	;# 
   356  0108                     	;# 
   357  0109                     	;# 
   358  010C                     	;# 
   359  010C                     	;# 
   360  010D                     	;# 
   361  010E                     	;# 
   362  010F                     	;# 
   363  0185                     	;# 
   364  0187                     	;# 
   365  0188                     	;# 
   366  0189                     	;# 
   367  018C                     	;# 
   368  018D                     	;# 
   369  0009                     _PORTE	set	9
   370  0006                     _PORTB	set	6
   371  001F                     _ADCON0bits	set	31
   372  001E                     _ADRESH	set	30
   373  000C                     _PIR1bits	set	12
   374  0001                     _TMR0	set	1
   375  0007                     _PORTC	set	7
   376  0008                     _PORTD	set	8
   377  0005                     _PORTA	set	5
   378  0006                     _PORTBbits	set	6
   379  000B                     _INTCONbits	set	11
   380  009F                     _ADCON1bits	set	159
   381  008C                     _PIE1bits	set	140
   382  0096                     _IOCB	set	150
   383  0095                     _WPUB	set	149
   384  0081                     _OPTION_REGbits	set	129
   385  008F                     _OSCCONbits	set	143
   386  0089                     _TRISEbits	set	137
   387  0088                     _TRISD	set	136
   388  0087                     _TRISC	set	135
   389  0086                     _TRISBbits	set	134
   390  0085                     _TRISA	set	133
   391  0189                     _ANSELH	set	393
   392  0188                     _ANSEL	set	392
   393                           
   394                           	psect	cinit
   395  0011                     start_initialization:	
   396                           ; #config settings
   397                           
   398  0011                     __initialization:
   399                           
   400                           ; Clear objects allocated to COMMON
   401  0011  01F0               	clrf	__pbssCOMMON& (0+127)
   402  0012  01F1               	clrf	(__pbssCOMMON+1)& (0+127)
   403  0013  01F2               	clrf	(__pbssCOMMON+2)& (0+127)
   404  0014  01F3               	clrf	(__pbssCOMMON+3)& (0+127)
   405  0015  01F4               	clrf	(__pbssCOMMON+4)& (0+127)
   406                           
   407                           ; Clear objects allocated to BANK0
   408  0016  1283               	bcf	3,5	;RP0=0, select bank0
   409  0017  1303               	bcf	3,6	;RP1=0, select bank0
   410  0018  01AB               	clrf	__pbssBANK0& (0+127)
   411  0019                     end_of_initialization:	
   412                           ;End of C runtime variable initialization code
   413                           
   414  0019                     __end_of__initialization:
   415  0019  0183               	clrf	3
   416  001A  120A  118A  281D   	ljmp	_main	;jump to C main() function
   417                           
   418                           	psect	bssCOMMON
   419  0070                     __pbssCOMMON:
   420  0070                     _dec_d:
   421  0070                     	ds	1
   422  0071                     _adresh_aux:
   423  0071                     	ds	1
   424  0072                     _estado:
   425  0072                     	ds	1
   426  0073                     _uni:
   427  0073                     	ds	1
   428  0074                     _dec:
   429  0074                     	ds	1
   430                           
   431                           	psect	bssBANK0
   432  002B                     __pbssBANK0:
   433  002B                     _uni_d:
   434  002B                     	ds	1
   435                           
   436                           	psect	cstackCOMMON
   437  0075                     __pcstackCOMMON:
   438  0075                     ?_config_io:
   439  0075                     ?_config_reloj:	
   440                           ; 1 bytes @ 0x0
   441                           
   442  0075                     ?_config_int:	
   443                           ; 1 bytes @ 0x0
   444                           
   445  0075                     ?_config_tmr0:	
   446                           ; 1 bytes @ 0x0
   447                           
   448  0075                     ?_config_iocb:	
   449                           ; 1 bytes @ 0x0
   450                           
   451  0075                     ?_config_adc:	
   452                           ; 1 bytes @ 0x0
   453                           
   454  0075                     ?_tabla:	
   455                           ; 1 bytes @ 0x0
   456                           
   457  0075                     ?_isr:	
   458                           ; 1 bytes @ 0x0
   459                           
   460  0075                     ??_isr:	
   461                           ; 1 bytes @ 0x0
   462                           
   463  0075                     ?_main:	
   464                           ; 1 bytes @ 0x0
   465                           
   466                           
   467                           ; 1 bytes @ 0x0
   468  0075                     	ds	5
   469                           
   470                           	psect	cstackBANK0
   471  0020                     __pcstackBANK0:
   472  0020                     ??_config_io:
   473  0020                     ??_config_reloj:	
   474                           ; 1 bytes @ 0x0
   475                           
   476  0020                     ??_config_int:	
   477                           ; 1 bytes @ 0x0
   478                           
   479  0020                     ??_config_tmr0:	
   480                           ; 1 bytes @ 0x0
   481                           
   482  0020                     ??_config_iocb:	
   483                           ; 1 bytes @ 0x0
   484                           
   485  0020                     ??_config_adc:	
   486                           ; 1 bytes @ 0x0
   487                           
   488  0020                     ?_divisor:	
   489                           ; 1 bytes @ 0x0
   490                           
   491  0020                     ??_tabla:	
   492                           ; 1 bytes @ 0x0
   493                           
   494  0020                     divisor@num:	
   495                           ; 1 bytes @ 0x0
   496                           
   497                           
   498                           ; 2 bytes @ 0x0
   499  0020                     	ds	2
   500  0022                     tabla@valor:
   501  0022                     divisor@decena:	
   502                           ; 1 bytes @ 0x2
   503                           
   504                           
   505                           ; 1 bytes @ 0x2
   506  0022                     	ds	1
   507  0023                     divisor@unidad:
   508                           
   509                           ; 1 bytes @ 0x3
   510  0023                     	ds	1
   511  0024                     ??_divisor:
   512                           
   513                           ; 1 bytes @ 0x4
   514  0024                     	ds	3
   515  0027                     ??_main:
   516                           
   517                           ; 1 bytes @ 0x7
   518  0027                     	ds	4
   519                           
   520                           	psect	maintext
   521  001D                     __pmaintext:	
   522 ;;
   523 ;;Main: autosize = 0, tempsize = 4, incstack = 0, save=0
   524 ;;
   525 ;; *************** function _main *****************
   526 ;; Defined at:
   527 ;;		line 113 in file "D2_Lab1.c"
   528 ;; Parameters:    Size  Location     Type
   529 ;;		None
   530 ;; Auto vars:     Size  Location     Type
   531 ;;		None
   532 ;; Return value:  Size  Location     Type
   533 ;;                  1    wreg      void 
   534 ;; Registers used:
   535 ;;		wreg, fsr0l, fsr0h, status,2, status,0, pclath, cstack
   536 ;; Tracked objects:
   537 ;;		On entry : B00/0
   538 ;;		On exit  : 0/0
   539 ;;		Unchanged: 0/0
   540 ;; Data sizes:     COMMON   BANK0   BANK1   BANK3   BANK2
   541 ;;      Params:         0       0       0       0       0
   542 ;;      Locals:         0       0       0       0       0
   543 ;;      Temps:          0       4       0       0       0
   544 ;;      Totals:         0       4       0       0       0
   545 ;;Total ram usage:        4 bytes
   546 ;; Hardware stack levels required when called: 2
   547 ;; This function calls:
   548 ;;		_config_adc
   549 ;;		_config_int
   550 ;;		_config_io
   551 ;;		_config_iocb
   552 ;;		_config_reloj
   553 ;;		_config_tmr0
   554 ;;		_divisor
   555 ;;		_tabla
   556 ;; This function is called by:
   557 ;;		Startup code after reset
   558 ;; This function uses a non-reentrant model
   559 ;;
   560                           
   561                           
   562                           ;psect for function _main
   563  001D                     _main:
   564  001D                     l1505:	
   565                           ;incstack = 0
   566                           ; Regs used in _main: [wreg-fsr0h+status,2+status,0+pclath+cstack]
   567                           
   568                           
   569                           ;D2_Lab1.c: 115:     config_io();
   570  001D  120A  118A  2171  120A  118A  	fcall	_config_io
   571  0022                     l1507:
   572                           
   573                           ;D2_Lab1.c: 116:     config_reloj();
   574  0022  120A  118A  219C  120A  118A  	fcall	_config_reloj
   575  0027                     l1509:
   576                           
   577                           ;D2_Lab1.c: 117:     config_int();
   578  0027  120A  118A  21A3  120A  118A  	fcall	_config_int
   579                           
   580                           ;D2_Lab1.c: 118:     config_tmr0();
   581  002C  120A  118A  2187  120A  118A  	fcall	_config_tmr0
   582                           
   583                           ;D2_Lab1.c: 119:     config_iocb();
   584  0031  120A  118A  2194  120A  118A  	fcall	_config_iocb
   585                           
   586                           ;D2_Lab1.c: 120:     config_adc();
   587  0036  120A  118A  2138  120A  118A  	fcall	_config_adc
   588  003B                     l1511:
   589                           
   590                           ;D2_Lab1.c: 123:     {;D2_Lab1.c: 124:         if(!ADCON0bits.GO)
   591  003B  1283               	bcf	3,5	;RP0=0, select bank0
   592  003C  1303               	bcf	3,6	;RP1=0, select bank0
   593  003D  189F               	btfsc	31,1	;volatile
   594  003E  2840               	goto	u181
   595  003F  2841               	goto	u180
   596  0040                     u181:
   597  0040  284B               	goto	l1517
   598  0041                     u180:
   599  0041                     l1513:
   600                           
   601                           ;D2_Lab1.c: 125:         {;D2_Lab1.c: 126:             _delay((unsigned long)((50)*(4000
      +                          000/4000000.0)));
   602  0041  300F               	movlw	15
   603  0042  1283               	bcf	3,5	;RP0=0, select bank0
   604  0043  1303               	bcf	3,6	;RP1=0, select bank0
   605  0044  00A7               	movwf	??_main
   606  0045                     u207:
   607  0045  0BA7               	decfsz	??_main,f
   608  0046  2845               	goto	u207
   609  0047  2848               	nop2
   610  0048                     l1515:
   611                           
   612                           ;D2_Lab1.c: 127:             ADCON0bits.GO = 1;
   613  0048  1283               	bcf	3,5	;RP0=0, select bank0
   614  0049  1303               	bcf	3,6	;RP1=0, select bank0
   615  004A  149F               	bsf	31,1	;volatile
   616  004B                     l1517:
   617                           
   618                           ;D2_Lab1.c: 130:         divisor(adresh_aux, &dec, &uni);
   619  004B  0871               	movf	_adresh_aux,w
   620  004C  00A7               	movwf	??_main
   621  004D  01A8               	clrf	??_main+1
   622  004E  0827               	movf	??_main,w
   623  004F  00A0               	movwf	divisor@num
   624  0050  0828               	movf	??_main+1,w
   625  0051  00A1               	movwf	divisor@num+1
   626  0052  3074               	movlw	(low (_dec| 0))& (0+255)
   627  0053  00A9               	movwf	??_main+2
   628  0054  0829               	movf	??_main+2,w
   629  0055  00A2               	movwf	divisor@decena
   630  0056  3073               	movlw	(low (_uni| 0))& (0+255)
   631  0057  00AA               	movwf	??_main+3
   632  0058  082A               	movf	??_main+3,w
   633  0059  00A3               	movwf	divisor@unidad
   634  005A  120A  118A  2156  120A  118A  	fcall	_divisor
   635  005F                     l1519:
   636                           
   637                           ;D2_Lab1.c: 131:         dec_d = tabla(dec);
   638  005F  0874               	movf	_dec,w
   639  0060  120A  118A  2082  120A  118A  	fcall	_tabla
   640  0065  1283               	bcf	3,5	;RP0=0, select bank0
   641  0066  1303               	bcf	3,6	;RP1=0, select bank0
   642  0067  00A7               	movwf	??_main
   643  0068  0827               	movf	??_main,w
   644  0069  00F0               	movwf	_dec_d
   645  006A                     l1521:
   646                           
   647                           ;D2_Lab1.c: 132:         uni_d = tabla(uni);
   648  006A  0873               	movf	_uni,w
   649  006B  120A  118A  2082  120A  118A  	fcall	_tabla
   650  0070  1283               	bcf	3,5	;RP0=0, select bank0
   651  0071  1303               	bcf	3,6	;RP1=0, select bank0
   652  0072  00A7               	movwf	??_main
   653  0073  0827               	movf	??_main,w
   654  0074  00AB               	movwf	_uni_d
   655  0075                     l1523:
   656                           
   657                           ;D2_Lab1.c: 134:         if(adresh_aux > PORTA)
   658  0075  0871               	movf	_adresh_aux,w
   659  0076  0205               	subwf	5,w	;volatile
   660  0077  1803               	skipnc
   661  0078  287A               	goto	u191
   662  0079  287B               	goto	u190
   663  007A                     u191:
   664  007A  287D               	goto	l96
   665  007B                     u190:
   666  007B                     l1525:
   667                           
   668                           ;D2_Lab1.c: 135:         {;D2_Lab1.c: 136:             PORTBbits.RB7 = 1;
   669  007B  1786               	bsf	6,7	;volatile
   670                           
   671                           ;D2_Lab1.c: 137:         }
   672  007C  283B               	goto	l1511
   673  007D                     l96:	
   674                           ;D2_Lab1.c: 138:         else
   675                           
   676                           
   677                           ;D2_Lab1.c: 139:         {;D2_Lab1.c: 140:             PORTBbits.RB7 = 0;
   678  007D  1386               	bcf	6,7	;volatile
   679  007E  283B               	goto	l1511
   680  007F  120A  118A  280E   	ljmp	start
   681  0082                     __end_of_main:
   682                           
   683                           	psect	text1
   684  0082                     __ptext1:	
   685 ;; *************** function _tabla *****************
   686 ;; Defined at:
   687 ;;		line 4 in file "Display.c"
   688 ;; Parameters:    Size  Location     Type
   689 ;;  valor           1    wreg     unsigned char 
   690 ;; Auto vars:     Size  Location     Type
   691 ;;  valor           1    2[BANK0 ] unsigned char 
   692 ;; Return value:  Size  Location     Type
   693 ;;                  1    wreg      unsigned char 
   694 ;; Registers used:
   695 ;;		wreg, fsr0l, fsr0h, status,2, status,0
   696 ;; Tracked objects:
   697 ;;		On entry : 0/0
   698 ;;		On exit  : 0/0
   699 ;;		Unchanged: 0/0
   700 ;; Data sizes:     COMMON   BANK0   BANK1   BANK3   BANK2
   701 ;;      Params:         0       0       0       0       0
   702 ;;      Locals:         0       1       0       0       0
   703 ;;      Temps:          0       2       0       0       0
   704 ;;      Totals:         0       3       0       0       0
   705 ;;Total ram usage:        3 bytes
   706 ;; Hardware stack levels used: 1
   707 ;; Hardware stack levels required when called: 1
   708 ;; This function calls:
   709 ;;		Nothing
   710 ;; This function is called by:
   711 ;;		_main
   712 ;; This function uses a non-reentrant model
   713 ;;
   714                           
   715                           
   716                           ;psect for function _tabla
   717  0082                     _tabla:
   718                           
   719                           ;incstack = 0
   720                           ; Regs used in _tabla: [wreg-fsr0h+status,2+status,0]
   721                           ;tabla@valor stored from wreg
   722  0082  1283               	bcf	3,5	;RP0=0, select bank0
   723  0083  1303               	bcf	3,6	;RP1=0, select bank0
   724  0084  00A2               	movwf	tabla@valor
   725  0085                     l1391:
   726                           
   727                           ;Display.c: 4: uint8_t tabla(uint8_t valor);Display.c: 5: {;Display.c: 6:     switch(val
      +                          or)
   728  0085  28A8               	goto	l1497
   729  0086                     l1393:
   730                           
   731                           ;Display.c: 9:             return 0b00111111;
   732  0086  303F               	movlw	63
   733  0087  28E2               	goto	l120
   734  0088                     l1399:
   735                           
   736                           ;Display.c: 12:             return 0b00000110;
   737  0088  3006               	movlw	6
   738  0089  28E2               	goto	l120
   739  008A                     l1405:
   740                           
   741                           ;Display.c: 15:             return 0b01011011;
   742  008A  305B               	movlw	91
   743  008B  28E2               	goto	l120
   744  008C                     l1411:
   745                           
   746                           ;Display.c: 18:             return 0b01001111;
   747  008C  304F               	movlw	79
   748  008D  28E2               	goto	l120
   749  008E                     l1417:
   750                           
   751                           ;Display.c: 21:             return 0b01100110;
   752  008E  3066               	movlw	102
   753  008F  28E2               	goto	l120
   754  0090                     l1423:
   755                           
   756                           ;Display.c: 24:             return 0b01101101;
   757  0090  306D               	movlw	109
   758  0091  28E2               	goto	l120
   759  0092                     l1429:
   760                           
   761                           ;Display.c: 27:             return 0b01111101;
   762  0092  307D               	movlw	125
   763  0093  28E2               	goto	l120
   764  0094                     l1435:
   765                           
   766                           ;Display.c: 30:             return 0b00000111;
   767  0094  3007               	movlw	7
   768  0095  28E2               	goto	l120
   769  0096                     l1441:
   770                           
   771                           ;Display.c: 33:             return 0b01111111;
   772  0096  307F               	movlw	127
   773  0097  28E2               	goto	l120
   774  0098                     l1447:
   775                           
   776                           ;Display.c: 36:             return 0b01101111;
   777  0098  306F               	movlw	111
   778  0099  28E2               	goto	l120
   779  009A                     l1453:
   780                           
   781                           ;Display.c: 39:             return 0b01110111;
   782  009A  3077               	movlw	119
   783  009B  28E2               	goto	l120
   784  009C                     l1459:
   785                           
   786                           ;Display.c: 42:             return 0b01111100;
   787  009C  307C               	movlw	124
   788  009D  28E2               	goto	l120
   789  009E                     l1465:
   790                           
   791                           ;Display.c: 45:             return 0b00111001;
   792  009E  3039               	movlw	57
   793  009F  28E2               	goto	l120
   794  00A0                     l1471:
   795                           
   796                           ;Display.c: 48:             return 0b01011110;
   797  00A0  305E               	movlw	94
   798  00A1  28E2               	goto	l120
   799  00A2                     l1477:
   800                           
   801                           ;Display.c: 51:             return 0b01111001;
   802  00A2  3079               	movlw	121
   803  00A3  28E2               	goto	l120
   804  00A4                     l1483:
   805                           
   806                           ;Display.c: 54:             return 0b01110001;
   807  00A4  3071               	movlw	113
   808  00A5  28E2               	goto	l120
   809  00A6                     l1489:
   810                           
   811                           ;Display.c: 57:             return 0b10000000;
   812  00A6  3080               	movlw	128
   813  00A7  28E2               	goto	l120
   814  00A8                     l1497:
   815  00A8  0822               	movf	tabla@valor,w
   816  00A9  00A0               	movwf	??_tabla
   817  00AA  01A1               	clrf	??_tabla+1
   818                           
   819                           ; Switch on 2 bytes has been partitioned into a top level switch of size 1, and 1 sub-sw
      +                          itches
   820                           ; Switch size 1, requested type "simple"
   821                           ; Number of cases is 1, Range of values is 0 to 0
   822                           ; switch strategies available:
   823                           ; Name         Instructions Cycles
   824                           ; simple_byte            4     3 (average)
   825                           ; direct_byte           11     8 (fixed)
   826                           ; jumptable            260     6 (fixed)
   827                           ;	Chosen strategy is simple_byte
   828  00AB  0821               	movf	??_tabla+1,w
   829  00AC  3A00               	xorlw	0	; case 0
   830  00AD  1903               	skipnz
   831  00AE  28B0               	goto	l1587
   832  00AF  28A6               	goto	l1489
   833  00B0                     l1587:
   834                           
   835                           ; Switch size 1, requested type "simple"
   836                           ; Number of cases is 16, Range of values is 0 to 15
   837                           ; switch strategies available:
   838                           ; Name         Instructions Cycles
   839                           ; simple_byte           49    25 (average)
   840                           ; direct_byte           56     8 (fixed)
   841                           ; jumptable            260     6 (fixed)
   842                           ;	Chosen strategy is simple_byte
   843  00B0  0820               	movf	??_tabla,w
   844  00B1  3A00               	xorlw	0	; case 0
   845  00B2  1903               	skipnz
   846  00B3  2886               	goto	l1393
   847  00B4  3A01               	xorlw	1	; case 1
   848  00B5  1903               	skipnz
   849  00B6  2888               	goto	l1399
   850  00B7  3A03               	xorlw	3	; case 2
   851  00B8  1903               	skipnz
   852  00B9  288A               	goto	l1405
   853  00BA  3A01               	xorlw	1	; case 3
   854  00BB  1903               	skipnz
   855  00BC  288C               	goto	l1411
   856  00BD  3A07               	xorlw	7	; case 4
   857  00BE  1903               	skipnz
   858  00BF  288E               	goto	l1417
   859  00C0  3A01               	xorlw	1	; case 5
   860  00C1  1903               	skipnz
   861  00C2  2890               	goto	l1423
   862  00C3  3A03               	xorlw	3	; case 6
   863  00C4  1903               	skipnz
   864  00C5  2892               	goto	l1429
   865  00C6  3A01               	xorlw	1	; case 7
   866  00C7  1903               	skipnz
   867  00C8  2894               	goto	l1435
   868  00C9  3A0F               	xorlw	15	; case 8
   869  00CA  1903               	skipnz
   870  00CB  2896               	goto	l1441
   871  00CC  3A01               	xorlw	1	; case 9
   872  00CD  1903               	skipnz
   873  00CE  2898               	goto	l1447
   874  00CF  3A03               	xorlw	3	; case 10
   875  00D0  1903               	skipnz
   876  00D1  289A               	goto	l1453
   877  00D2  3A01               	xorlw	1	; case 11
   878  00D3  1903               	skipnz
   879  00D4  289C               	goto	l1459
   880  00D5  3A07               	xorlw	7	; case 12
   881  00D6  1903               	skipnz
   882  00D7  289E               	goto	l1465
   883  00D8  3A01               	xorlw	1	; case 13
   884  00D9  1903               	skipnz
   885  00DA  28A0               	goto	l1471
   886  00DB  3A03               	xorlw	3	; case 14
   887  00DC  1903               	skipnz
   888  00DD  28A2               	goto	l1477
   889  00DE  3A01               	xorlw	1	; case 15
   890  00DF  1903               	skipnz
   891  00E0  28A4               	goto	l1483
   892  00E1  28A6               	goto	l1489
   893  00E2                     l120:
   894  00E2  0008               	return
   895  00E3                     __end_of_tabla:
   896                           
   897                           	psect	text2
   898  0156                     __ptext2:	
   899 ;; *************** function _divisor *****************
   900 ;; Defined at:
   901 ;;		line 62 in file "Display.c"
   902 ;; Parameters:    Size  Location     Type
   903 ;;  num             2    0[BANK0 ] unsigned int 
   904 ;;  decena          1    2[BANK0 ] PTR unsigned char 
   905 ;;		 -> dec(1), 
   906 ;;  unidad          1    3[BANK0 ] PTR unsigned char 
   907 ;;		 -> uni(1), 
   908 ;; Auto vars:     Size  Location     Type
   909 ;;		None
   910 ;; Return value:  Size  Location     Type
   911 ;;                  1    wreg      void 
   912 ;; Registers used:
   913 ;;		wreg, fsr0l, fsr0h, status,2, status,0
   914 ;; Tracked objects:
   915 ;;		On entry : 0/0
   916 ;;		On exit  : 0/0
   917 ;;		Unchanged: 0/0
   918 ;; Data sizes:     COMMON   BANK0   BANK1   BANK3   BANK2
   919 ;;      Params:         0       4       0       0       0
   920 ;;      Locals:         0       0       0       0       0
   921 ;;      Temps:          0       3       0       0       0
   922 ;;      Totals:         0       7       0       0       0
   923 ;;Total ram usage:        7 bytes
   924 ;; Hardware stack levels used: 1
   925 ;; Hardware stack levels required when called: 1
   926 ;; This function calls:
   927 ;;		Nothing
   928 ;; This function is called by:
   929 ;;		_main
   930 ;; This function uses a non-reentrant model
   931 ;;
   932                           
   933                           
   934                           ;psect for function _divisor
   935  0156                     _divisor:
   936  0156                     l1385:	
   937                           ;incstack = 0
   938                           ; Regs used in _divisor: [wreg-fsr0h+status,2+status,0]
   939                           
   940                           
   941                           ;Display.c: 62: void divisor(uint16_t num, uint8_t *decena, uint8_t *unidad);Display.c: 
      +                          63: {;Display.c: 64:     *decena = num / 16;
   942  0156  1283               	bcf	3,5	;RP0=0, select bank0
   943  0157  1303               	bcf	3,6	;RP1=0, select bank0
   944  0158  0821               	movf	divisor@num+1,w
   945  0159  00A5               	movwf	??_divisor+1
   946  015A  0820               	movf	divisor@num,w
   947  015B  00A4               	movwf	??_divisor
   948  015C  3004               	movlw	4
   949  015D                     u175:
   950  015D  1003               	clrc
   951  015E  0CA5               	rrf	??_divisor+1,f
   952  015F  0CA4               	rrf	??_divisor,f
   953  0160  3EFF               	addlw	-1
   954  0161  1D03               	skipz
   955  0162  295D               	goto	u175
   956  0163  0824               	movf	??_divisor,w
   957  0164  00A6               	movwf	??_divisor+2
   958  0165  0822               	movf	divisor@decena,w
   959  0166  0084               	movwf	4
   960  0167  0826               	movf	??_divisor+2,w
   961  0168  0080               	movwf	0
   962  0169                     l1387:
   963                           
   964                           ;Display.c: 65:     *unidad = num % 16;
   965  0169  0820               	movf	divisor@num,w
   966  016A  390F               	andlw	15
   967  016B  00A4               	movwf	??_divisor
   968  016C  0823               	movf	divisor@unidad,w
   969  016D  0084               	movwf	4
   970  016E  0824               	movf	??_divisor,w
   971  016F  0080               	movwf	0
   972  0170                     l140:
   973  0170  0008               	return
   974  0171                     __end_of_divisor:
   975                           
   976                           	psect	text3
   977  0187                     __ptext3:	
   978 ;; *************** function _config_tmr0 *****************
   979 ;; Defined at:
   980 ;;		line 190 in file "D2_Lab1.c"
   981 ;; Parameters:    Size  Location     Type
   982 ;;		None
   983 ;; Auto vars:     Size  Location     Type
   984 ;;		None
   985 ;; Return value:  Size  Location     Type
   986 ;;                  1    wreg      void 
   987 ;; Registers used:
   988 ;;		wreg
   989 ;; Tracked objects:
   990 ;;		On entry : 0/0
   991 ;;		On exit  : 0/0
   992 ;;		Unchanged: 0/0
   993 ;; Data sizes:     COMMON   BANK0   BANK1   BANK3   BANK2
   994 ;;      Params:         0       0       0       0       0
   995 ;;      Locals:         0       0       0       0       0
   996 ;;      Temps:          0       0       0       0       0
   997 ;;      Totals:         0       0       0       0       0
   998 ;;Total ram usage:        0 bytes
   999 ;; Hardware stack levels used: 1
  1000 ;; Hardware stack levels required when called: 1
  1001 ;; This function calls:
  1002 ;;		Nothing
  1003 ;; This function is called by:
  1004 ;;		_main
  1005 ;; This function uses a non-reentrant model
  1006 ;;
  1007                           
  1008                           
  1009                           ;psect for function _config_tmr0
  1010  0187                     _config_tmr0:
  1011  0187                     l1363:	
  1012                           ;incstack = 0
  1013                           ; Regs used in _config_tmr0: [wreg]
  1014                           
  1015                           
  1016                           ;D2_Lab1.c: 192:     OPTION_REGbits.T0CS = 0;
  1017  0187  1683               	bsf	3,5	;RP0=1, select bank1
  1018  0188  1303               	bcf	3,6	;RP1=0, select bank1
  1019  0189  1281               	bcf	1,5	;volatile
  1020                           
  1021                           ;D2_Lab1.c: 193:     OPTION_REGbits.T0SE = 0;
  1022  018A  1201               	bcf	1,4	;volatile
  1023                           
  1024                           ;D2_Lab1.c: 194:     OPTION_REGbits.PSA = 0;
  1025  018B  1181               	bcf	1,3	;volatile
  1026                           
  1027                           ;D2_Lab1.c: 195:     OPTION_REGbits.PS2 = 0;
  1028  018C  1101               	bcf	1,2	;volatile
  1029                           
  1030                           ;D2_Lab1.c: 196:     OPTION_REGbits.PS1 = 1;
  1031  018D  1481               	bsf	1,1	;volatile
  1032                           
  1033                           ;D2_Lab1.c: 197:     OPTION_REGbits.PS0 = 1;
  1034  018E  1401               	bsf	1,0	;volatile
  1035  018F                     l1365:
  1036                           
  1037                           ;D2_Lab1.c: 198:     TMR0 = 131;
  1038  018F  3083               	movlw	131
  1039  0190  1283               	bcf	3,5	;RP0=0, select bank0
  1040  0191  1303               	bcf	3,6	;RP1=0, select bank0
  1041  0192  0081               	movwf	1	;volatile
  1042  0193                     l112:
  1043  0193  0008               	return
  1044  0194                     __end_of_config_tmr0:
  1045                           
  1046                           	psect	text4
  1047  019C                     __ptext4:	
  1048 ;; *************** function _config_reloj *****************
  1049 ;; Defined at:
  1050 ;;		line 170 in file "D2_Lab1.c"
  1051 ;; Parameters:    Size  Location     Type
  1052 ;;		None
  1053 ;; Auto vars:     Size  Location     Type
  1054 ;;		None
  1055 ;; Return value:  Size  Location     Type
  1056 ;;                  1    wreg      void 
  1057 ;; Registers used:
  1058 ;;		None
  1059 ;; Tracked objects:
  1060 ;;		On entry : 0/0
  1061 ;;		On exit  : 0/0
  1062 ;;		Unchanged: 0/0
  1063 ;; Data sizes:     COMMON   BANK0   BANK1   BANK3   BANK2
  1064 ;;      Params:         0       0       0       0       0
  1065 ;;      Locals:         0       0       0       0       0
  1066 ;;      Temps:          0       0       0       0       0
  1067 ;;      Totals:         0       0       0       0       0
  1068 ;;Total ram usage:        0 bytes
  1069 ;; Hardware stack levels used: 1
  1070 ;; Hardware stack levels required when called: 1
  1071 ;; This function calls:
  1072 ;;		Nothing
  1073 ;; This function is called by:
  1074 ;;		_main
  1075 ;; This function uses a non-reentrant model
  1076 ;;
  1077                           
  1078                           
  1079                           ;psect for function _config_reloj
  1080  019C                     _config_reloj:
  1081  019C                     l1359:	
  1082                           ;incstack = 0
  1083                           ; Regs used in _config_reloj: []
  1084                           
  1085                           
  1086                           ;D2_Lab1.c: 172:     OSCCONbits.IRCF2 = 1;
  1087  019C  1683               	bsf	3,5	;RP0=1, select bank1
  1088  019D  1303               	bcf	3,6	;RP1=0, select bank1
  1089  019E  170F               	bsf	15,6	;volatile
  1090                           
  1091                           ;D2_Lab1.c: 173:     OSCCONbits.IRCF1 = 1;
  1092  019F  168F               	bsf	15,5	;volatile
  1093                           
  1094                           ;D2_Lab1.c: 174:     OSCCONbits.IRCF0 = 0;
  1095  01A0  120F               	bcf	15,4	;volatile
  1096                           
  1097                           ;D2_Lab1.c: 175:     OSCCONbits.SCS = 1;
  1098  01A1  140F               	bsf	15,0	;volatile
  1099  01A2                     l106:	
  1100                           ;D2_Lab1.c: 176:     return;
  1101                           
  1102  01A2  0008               	return
  1103  01A3                     __end_of_config_reloj:
  1104                           
  1105                           	psect	text5
  1106  0194                     __ptext5:	
  1107 ;; *************** function _config_iocb *****************
  1108 ;; Defined at:
  1109 ;;		line 202 in file "D2_Lab1.c"
  1110 ;; Parameters:    Size  Location     Type
  1111 ;;		None
  1112 ;; Auto vars:     Size  Location     Type
  1113 ;;		None
  1114 ;; Return value:  Size  Location     Type
  1115 ;;                  1    wreg      void 
  1116 ;; Registers used:
  1117 ;;		wreg
  1118 ;; Tracked objects:
  1119 ;;		On entry : 0/0
  1120 ;;		On exit  : 0/0
  1121 ;;		Unchanged: 0/0
  1122 ;; Data sizes:     COMMON   BANK0   BANK1   BANK3   BANK2
  1123 ;;      Params:         0       0       0       0       0
  1124 ;;      Locals:         0       0       0       0       0
  1125 ;;      Temps:          0       0       0       0       0
  1126 ;;      Totals:         0       0       0       0       0
  1127 ;;Total ram usage:        0 bytes
  1128 ;; Hardware stack levels used: 1
  1129 ;; Hardware stack levels required when called: 1
  1130 ;; This function calls:
  1131 ;;		Nothing
  1132 ;; This function is called by:
  1133 ;;		_main
  1134 ;; This function uses a non-reentrant model
  1135 ;;
  1136                           
  1137                           
  1138                           ;psect for function _config_iocb
  1139  0194                     _config_iocb:
  1140  0194                     l1369:	
  1141                           ;incstack = 0
  1142                           ; Regs used in _config_iocb: [wreg]
  1143                           
  1144                           
  1145                           ;D2_Lab1.c: 204:     OPTION_REGbits.nRBPU = 0;
  1146  0194  1683               	bsf	3,5	;RP0=1, select bank1
  1147  0195  1303               	bcf	3,6	;RP1=0, select bank1
  1148  0196  1381               	bcf	1,7	;volatile
  1149  0197                     l1371:
  1150                           
  1151                           ;D2_Lab1.c: 205:     WPUB = 0b00000011;
  1152  0197  3003               	movlw	3
  1153  0198  0095               	movwf	21	;volatile
  1154                           
  1155                           ;D2_Lab1.c: 206:     IOCB = 0b00000011;
  1156  0199  3003               	movlw	3
  1157  019A  0096               	movwf	22	;volatile
  1158  019B                     l115:
  1159  019B  0008               	return
  1160  019C                     __end_of_config_iocb:
  1161                           
  1162                           	psect	text6
  1163  0171                     __ptext6:	
  1164 ;; *************** function _config_io *****************
  1165 ;; Defined at:
  1166 ;;		line 149 in file "D2_Lab1.c"
  1167 ;; Parameters:    Size  Location     Type
  1168 ;;		None
  1169 ;; Auto vars:     Size  Location     Type
  1170 ;;		None
  1171 ;; Return value:  Size  Location     Type
  1172 ;;                  1    wreg      void 
  1173 ;; Registers used:
  1174 ;;		wreg, status,2
  1175 ;; Tracked objects:
  1176 ;;		On entry : 0/0
  1177 ;;		On exit  : 0/0
  1178 ;;		Unchanged: 0/0
  1179 ;; Data sizes:     COMMON   BANK0   BANK1   BANK3   BANK2
  1180 ;;      Params:         0       0       0       0       0
  1181 ;;      Locals:         0       0       0       0       0
  1182 ;;      Temps:          0       0       0       0       0
  1183 ;;      Totals:         0       0       0       0       0
  1184 ;;Total ram usage:        0 bytes
  1185 ;; Hardware stack levels used: 1
  1186 ;; Hardware stack levels required when called: 1
  1187 ;; This function calls:
  1188 ;;		Nothing
  1189 ;; This function is called by:
  1190 ;;		_main
  1191 ;; This function uses a non-reentrant model
  1192 ;;
  1193                           
  1194                           
  1195                           ;psect for function _config_io
  1196  0171                     _config_io:
  1197  0171                     l1329:	
  1198                           ;incstack = 0
  1199                           ; Regs used in _config_io: [wreg+status,2]
  1200                           
  1201                           
  1202                           ;D2_Lab1.c: 151:     ANSEL = 0b00100000;
  1203  0171  3020               	movlw	32
  1204  0172  1683               	bsf	3,5	;RP0=1, select bank3
  1205  0173  1703               	bsf	3,6	;RP1=1, select bank3
  1206  0174  0088               	movwf	8	;volatile
  1207  0175                     l1331:
  1208                           
  1209                           ;D2_Lab1.c: 152:     ANSELH = 0;
  1210  0175  0189               	clrf	9	;volatile
  1211  0176                     l1333:
  1212                           
  1213                           ;D2_Lab1.c: 154:     TRISA = 0;
  1214  0176  1683               	bsf	3,5	;RP0=1, select bank1
  1215  0177  1303               	bcf	3,6	;RP1=0, select bank1
  1216  0178  0185               	clrf	5	;volatile
  1217  0179                     l1335:
  1218                           
  1219                           ;D2_Lab1.c: 155:     TRISBbits.TRISB0 = 1;
  1220  0179  1406               	bsf	6,0	;volatile
  1221  017A                     l1337:
  1222                           
  1223                           ;D2_Lab1.c: 156:     TRISBbits.TRISB1 = 1;
  1224  017A  1486               	bsf	6,1	;volatile
  1225  017B                     l1339:
  1226                           
  1227                           ;D2_Lab1.c: 157:     TRISBbits.TRISB7 = 0;
  1228  017B  1386               	bcf	6,7	;volatile
  1229  017C                     l1341:
  1230                           
  1231                           ;D2_Lab1.c: 158:     TRISC = 0;
  1232  017C  0187               	clrf	7	;volatile
  1233  017D                     l1343:
  1234                           
  1235                           ;D2_Lab1.c: 159:     TRISD = 0b00;
  1236  017D  0188               	clrf	8	;volatile
  1237  017E                     l1345:
  1238                           
  1239                           ;D2_Lab1.c: 160:     TRISEbits.TRISE0 = 1;
  1240  017E  1409               	bsf	9,0	;volatile
  1241  017F                     l1347:
  1242                           
  1243                           ;D2_Lab1.c: 162:     PORTA = 0;
  1244  017F  1283               	bcf	3,5	;RP0=0, select bank0
  1245  0180  1303               	bcf	3,6	;RP1=0, select bank0
  1246  0181  0185               	clrf	5	;volatile
  1247  0182                     l1349:
  1248                           
  1249                           ;D2_Lab1.c: 163:     PORTB = 0;
  1250  0182  0186               	clrf	6	;volatile
  1251  0183                     l1351:
  1252                           
  1253                           ;D2_Lab1.c: 164:     PORTC = 0;
  1254  0183  0187               	clrf	7	;volatile
  1255  0184                     l1353:
  1256                           
  1257                           ;D2_Lab1.c: 165:     PORTD = 0;
  1258  0184  0188               	clrf	8	;volatile
  1259  0185                     l1355:
  1260                           
  1261                           ;D2_Lab1.c: 166:     PORTE = 0;
  1262  0185  0189               	clrf	9	;volatile
  1263  0186                     l103:
  1264  0186  0008               	return
  1265  0187                     __end_of_config_io:
  1266                           
  1267                           	psect	text7
  1268  01A3                     __ptext7:	
  1269 ;; *************** function _config_int *****************
  1270 ;; Defined at:
  1271 ;;		line 179 in file "D2_Lab1.c"
  1272 ;; Parameters:    Size  Location     Type
  1273 ;;		None
  1274 ;; Auto vars:     Size  Location     Type
  1275 ;;		None
  1276 ;; Return value:  Size  Location     Type
  1277 ;;                  1    wreg      void 
  1278 ;; Registers used:
  1279 ;;		None
  1280 ;; Tracked objects:
  1281 ;;		On entry : 0/0
  1282 ;;		On exit  : 0/0
  1283 ;;		Unchanged: 0/0
  1284 ;; Data sizes:     COMMON   BANK0   BANK1   BANK3   BANK2
  1285 ;;      Params:         0       0       0       0       0
  1286 ;;      Locals:         0       0       0       0       0
  1287 ;;      Temps:          0       0       0       0       0
  1288 ;;      Totals:         0       0       0       0       0
  1289 ;;Total ram usage:        0 bytes
  1290 ;; Hardware stack levels used: 1
  1291 ;; Hardware stack levels required when called: 1
  1292 ;; This function calls:
  1293 ;;		Nothing
  1294 ;; This function is called by:
  1295 ;;		_main
  1296 ;; This function uses a non-reentrant model
  1297 ;;
  1298                           
  1299                           
  1300                           ;psect for function _config_int
  1301  01A3                     _config_int:
  1302  01A3                     l1361:	
  1303                           ;incstack = 0
  1304                           ; Regs used in _config_int: []
  1305                           
  1306                           
  1307                           ;D2_Lab1.c: 181:     INTCONbits.GIE = 1;
  1308  01A3  178B               	bsf	11,7	;volatile
  1309                           
  1310                           ;D2_Lab1.c: 182:     INTCONbits.PEIE = 1;
  1311  01A4  170B               	bsf	11,6	;volatile
  1312                           
  1313                           ;D2_Lab1.c: 183:     INTCONbits.RBIE = 1;
  1314  01A5  158B               	bsf	11,3	;volatile
  1315                           
  1316                           ;D2_Lab1.c: 184:     INTCONbits.T0IE = 1;
  1317  01A6  168B               	bsf	11,5	;volatile
  1318                           
  1319                           ;D2_Lab1.c: 185:     INTCONbits.RBIF = 0;
  1320  01A7  100B               	bcf	11,0	;volatile
  1321                           
  1322                           ;D2_Lab1.c: 186:     INTCONbits.T0IF = 0;
  1323  01A8  110B               	bcf	11,2	;volatile
  1324  01A9                     l109:	
  1325                           ;D2_Lab1.c: 187:     return;
  1326                           
  1327  01A9  0008               	return
  1328  01AA                     __end_of_config_int:
  1329                           
  1330                           	psect	text8
  1331  0138                     __ptext8:	
  1332 ;; *************** function _config_adc *****************
  1333 ;; Defined at:
  1334 ;;		line 4 in file "ADC.c"
  1335 ;; Parameters:    Size  Location     Type
  1336 ;;		None
  1337 ;; Auto vars:     Size  Location     Type
  1338 ;;		None
  1339 ;; Return value:  Size  Location     Type
  1340 ;;                  1    wreg      void 
  1341 ;; Registers used:
  1342 ;;		wreg, status,2, status,0
  1343 ;; Tracked objects:
  1344 ;;		On entry : 0/0
  1345 ;;		On exit  : 0/0
  1346 ;;		Unchanged: 0/0
  1347 ;; Data sizes:     COMMON   BANK0   BANK1   BANK3   BANK2
  1348 ;;      Params:         0       0       0       0       0
  1349 ;;      Locals:         0       0       0       0       0
  1350 ;;      Temps:          0       1       0       0       0
  1351 ;;      Totals:         0       1       0       0       0
  1352 ;;Total ram usage:        1 bytes
  1353 ;; Hardware stack levels used: 1
  1354 ;; Hardware stack levels required when called: 1
  1355 ;; This function calls:
  1356 ;;		Nothing
  1357 ;; This function is called by:
  1358 ;;		_main
  1359 ;; This function uses a non-reentrant model
  1360 ;;
  1361                           
  1362                           
  1363                           ;psect for function _config_adc
  1364  0138                     _config_adc:
  1365  0138                     l1375:	
  1366                           ;incstack = 0
  1367                           ; Regs used in _config_adc: [wreg+status,2+status,0]
  1368                           
  1369                           
  1370                           ;ADC.c: 6:     PIE1bits.ADIE = 1;
  1371  0138  1683               	bsf	3,5	;RP0=1, select bank1
  1372  0139  1303               	bcf	3,6	;RP1=0, select bank1
  1373  013A  170C               	bsf	12,6	;volatile
  1374                           
  1375                           ;ADC.c: 7:     PIR1bits.ADIF = 0;
  1376  013B  1283               	bcf	3,5	;RP0=0, select bank0
  1377  013C  1303               	bcf	3,6	;RP1=0, select bank0
  1378  013D  130C               	bcf	12,6	;volatile
  1379                           
  1380                           ;ADC.c: 9:     ADCON1bits.ADFM = 0;
  1381  013E  1683               	bsf	3,5	;RP0=1, select bank1
  1382  013F  1303               	bcf	3,6	;RP1=0, select bank1
  1383  0140  139F               	bcf	31,7	;volatile
  1384                           
  1385                           ;ADC.c: 10:     ADCON1bits.VCFG0 = 0;
  1386  0141  121F               	bcf	31,4	;volatile
  1387                           
  1388                           ;ADC.c: 11:     ADCON1bits.VCFG1 = 0;
  1389  0142  129F               	bcf	31,5	;volatile
  1390  0143                     l1377:
  1391                           
  1392                           ;ADC.c: 13:     ADCON0bits.ADCS = 0b01;
  1393  0143  1283               	bcf	3,5	;RP0=0, select bank0
  1394  0144  1303               	bcf	3,6	;RP1=0, select bank0
  1395  0145  081F               	movf	31,w	;volatile
  1396  0146  393F               	andlw	-193
  1397  0147  3840               	iorlw	64
  1398  0148  009F               	movwf	31	;volatile
  1399                           
  1400                           ;ADC.c: 14:     ADCON0bits.CHS = 5;
  1401  0149  081F               	movf	31,w	;volatile
  1402  014A  39C3               	andlw	-61
  1403  014B  3814               	iorlw	20
  1404  014C  009F               	movwf	31	;volatile
  1405  014D                     l1379:
  1406                           
  1407                           ;ADC.c: 15:     ADCON0bits.ADON = 1;
  1408  014D  141F               	bsf	31,0	;volatile
  1409  014E                     l1381:
  1410                           
  1411                           ;ADC.c: 16:     _delay((unsigned long)((50)*(4000000/4000000.0)));
  1412  014E  300F               	movlw	15
  1413  014F  1283               	bcf	3,5	;RP0=0, select bank0
  1414  0150  1303               	bcf	3,6	;RP1=0, select bank0
  1415  0151  00A0               	movwf	??_config_adc
  1416  0152                     u217:
  1417  0152  0BA0               	decfsz	??_config_adc,f
  1418  0153  2952               	goto	u217
  1419  0154  2955               	nop2
  1420  0155                     l153:
  1421  0155  0008               	return
  1422  0156                     __end_of_config_adc:
  1423                           
  1424                           	psect	text9
  1425  00E3                     __ptext9:	
  1426 ;; *************** function _isr *****************
  1427 ;; Defined at:
  1428 ;;		line 63 in file "D2_Lab1.c"
  1429 ;; Parameters:    Size  Location     Type
  1430 ;;		None
  1431 ;; Auto vars:     Size  Location     Type
  1432 ;;		None
  1433 ;; Return value:  Size  Location     Type
  1434 ;;                  1    wreg      void 
  1435 ;; Registers used:
  1436 ;;		wreg, fsr0l, fsr0h, status,2, status,0
  1437 ;; Tracked objects:
  1438 ;;		On entry : 0/0
  1439 ;;		On exit  : 0/0
  1440 ;;		Unchanged: 0/0
  1441 ;; Data sizes:     COMMON   BANK0   BANK1   BANK3   BANK2
  1442 ;;      Params:         0       0       0       0       0
  1443 ;;      Locals:         0       0       0       0       0
  1444 ;;      Temps:          5       0       0       0       0
  1445 ;;      Totals:         5       0       0       0       0
  1446 ;;Total ram usage:        5 bytes
  1447 ;; Hardware stack levels used: 1
  1448 ;; This function calls:
  1449 ;;		Nothing
  1450 ;; This function is called by:
  1451 ;;		Interrupt level 1
  1452 ;; This function uses a non-reentrant model
  1453 ;;
  1454                           
  1455                           
  1456                           ;psect for function _isr
  1457  00E3                     _isr:
  1458  00E3                     i1l1211:
  1459                           
  1460                           ;D2_Lab1.c: 65:     if(INTCONbits.RBIF)
  1461  00E3  1C0B               	btfss	11,0	;volatile
  1462  00E4  28E6               	goto	u10_21
  1463  00E5  28E7               	goto	u10_20
  1464  00E6                     u10_21:
  1465  00E6  28F8               	goto	i1l1223
  1466  00E7                     u10_20:
  1467  00E7                     i1l1213:
  1468                           
  1469                           ;D2_Lab1.c: 66:     {;D2_Lab1.c: 67:         if(!PORTBbits.RB0)
  1470  00E7  1283               	bcf	3,5	;RP0=0, select bank0
  1471  00E8  1303               	bcf	3,6	;RP1=0, select bank0
  1472  00E9  1806               	btfsc	6,0	;volatile
  1473  00EA  28EC               	goto	u11_21
  1474  00EB  28ED               	goto	u11_20
  1475  00EC                     u11_21:
  1476  00EC  28F1               	goto	i1l1217
  1477  00ED                     u11_20:
  1478  00ED                     i1l1215:
  1479                           
  1480                           ;D2_Lab1.c: 68:         {;D2_Lab1.c: 69:             PORTA++;
  1481  00ED  3001               	movlw	1
  1482  00EE  00F5               	movwf	??_isr
  1483  00EF  0875               	movf	??_isr,w
  1484  00F0  0785               	addwf	5,f	;volatile
  1485  00F1                     i1l1217:
  1486                           
  1487                           ;D2_Lab1.c: 71:         if(!PORTBbits.RB1)
  1488  00F1  1886               	btfsc	6,1	;volatile
  1489  00F2  28F4               	goto	u12_21
  1490  00F3  28F5               	goto	u12_20
  1491  00F4                     u12_21:
  1492  00F4  28F7               	goto	i1l1221
  1493  00F5                     u12_20:
  1494  00F5                     i1l1219:
  1495                           
  1496                           ;D2_Lab1.c: 72:         {;D2_Lab1.c: 73:             PORTA--;
  1497  00F5  3001               	movlw	1
  1498  00F6  0285               	subwf	5,f	;volatile
  1499  00F7                     i1l1221:
  1500                           
  1501                           ;D2_Lab1.c: 75:         INTCONbits.RBIF = 0;
  1502  00F7  100B               	bcf	11,0	;volatile
  1503  00F8                     i1l1223:
  1504                           
  1505                           ;D2_Lab1.c: 78:     if(INTCONbits.T0IF)
  1506  00F8  1D0B               	btfss	11,2	;volatile
  1507  00F9  28FB               	goto	u13_21
  1508  00FA  28FC               	goto	u13_20
  1509  00FB                     u13_21:
  1510  00FB  2924               	goto	i1l82
  1511  00FC                     u13_20:
  1512  00FC                     i1l1225:
  1513                           
  1514                           ;D2_Lab1.c: 79:     {;D2_Lab1.c: 80:         INTCONbits.T0IF = 0;
  1515  00FC  110B               	bcf	11,2	;volatile
  1516  00FD                     i1l1227:
  1517                           
  1518                           ;D2_Lab1.c: 81:         PORTD = 0;
  1519  00FD  1283               	bcf	3,5	;RP0=0, select bank0
  1520  00FE  1303               	bcf	3,6	;RP1=0, select bank0
  1521  00FF  0188               	clrf	8	;volatile
  1522                           
  1523                           ;D2_Lab1.c: 82:         switch(estado)
  1524  0100  2914               	goto	i1l1245
  1525  0101                     i1l84:	
  1526                           ;D2_Lab1.c: 83:         {;D2_Lab1.c: 84:         case 0:
  1527                           
  1528                           
  1529                           ;D2_Lab1.c: 85:             estado = 1;
  1530  0101  01F2               	clrf	_estado
  1531  0102  0AF2               	incf	_estado,f
  1532  0103                     i1l1229:
  1533                           
  1534                           ;D2_Lab1.c: 86:             PORTD = 0b01;
  1535  0103  3001               	movlw	1
  1536  0104  0088               	movwf	8	;volatile
  1537                           
  1538                           ;D2_Lab1.c: 87:             PORTC = uni_d;
  1539  0105  082B               	movf	_uni_d,w
  1540  0106  0087               	movwf	7	;volatile
  1541                           
  1542                           ;D2_Lab1.c: 88:             TMR0 = 131;
  1543  0107  3083               	movlw	131
  1544  0108  0081               	movwf	1	;volatile
  1545                           
  1546                           ;D2_Lab1.c: 89:             break;
  1547  0109  2924               	goto	i1l82
  1548  010A                     i1l1231:
  1549                           
  1550                           ;D2_Lab1.c: 91:             estado = 0;
  1551  010A  01F2               	clrf	_estado
  1552  010B                     i1l1233:
  1553                           
  1554                           ;D2_Lab1.c: 92:             PORTD = 0b10;
  1555  010B  3002               	movlw	2
  1556  010C  0088               	movwf	8	;volatile
  1557  010D                     i1l1235:
  1558                           
  1559                           ;D2_Lab1.c: 93:             PORTC = dec_d;
  1560  010D  0870               	movf	_dec_d,w
  1561  010E  0087               	movwf	7	;volatile
  1562  010F                     i1l1237:
  1563                           
  1564                           ;D2_Lab1.c: 94:             TMR0 = 131;
  1565  010F  3083               	movlw	131
  1566  0110  0081               	movwf	1	;volatile
  1567                           
  1568                           ;D2_Lab1.c: 95:             break;
  1569  0111  2924               	goto	i1l82
  1570  0112                     i1l1239:
  1571                           
  1572                           ;D2_Lab1.c: 97:             estado = 0;
  1573  0112  01F2               	clrf	_estado
  1574  0113  290F               	goto	i1l1237
  1575  0114                     i1l1245:
  1576  0114  0872               	movf	_estado,w
  1577  0115  00F5               	movwf	??_isr
  1578  0116  01F6               	clrf	??_isr+1
  1579                           
  1580                           ; Switch on 2 bytes has been partitioned into a top level switch of size 1, and 1 sub-sw
      +                          itches
  1581                           ; Switch size 1, requested type "simple"
  1582                           ; Number of cases is 1, Range of values is 0 to 0
  1583                           ; switch strategies available:
  1584                           ; Name         Instructions Cycles
  1585                           ; simple_byte            4     3 (average)
  1586                           ; direct_byte           11     8 (fixed)
  1587                           ; jumptable            260     6 (fixed)
  1588                           ;	Chosen strategy is simple_byte
  1589  0117  0876               	movf	??_isr+1,w
  1590  0118  3A00               	xorlw	0	; case 0
  1591  0119  1903               	skipnz
  1592  011A  291C               	goto	i1l1589
  1593  011B  2912               	goto	i1l1239
  1594  011C                     i1l1589:
  1595                           
  1596                           ; Switch size 1, requested type "simple"
  1597                           ; Number of cases is 2, Range of values is 0 to 1
  1598                           ; switch strategies available:
  1599                           ; Name         Instructions Cycles
  1600                           ; simple_byte            7     4 (average)
  1601                           ; direct_byte           14     8 (fixed)
  1602                           ; jumptable            260     6 (fixed)
  1603                           ;	Chosen strategy is simple_byte
  1604  011C  0875               	movf	??_isr,w
  1605  011D  3A00               	xorlw	0	; case 0
  1606  011E  1903               	skipnz
  1607  011F  2901               	goto	i1l84
  1608  0120  3A01               	xorlw	1	; case 1
  1609  0121  1903               	skipnz
  1610  0122  290A               	goto	i1l1231
  1611  0123  2912               	goto	i1l1239
  1612  0124                     i1l82:	
  1613                           ;D2_Lab1.c: 101:     }
  1614                           
  1615                           
  1616                           ;D2_Lab1.c: 103:     if(PIR1bits.ADIF)
  1617  0124  1283               	bcf	3,5	;RP0=0, select bank0
  1618  0125  1303               	bcf	3,6	;RP1=0, select bank0
  1619  0126  1F0C               	btfss	12,6	;volatile
  1620  0127  2929               	goto	u14_21
  1621  0128  292A               	goto	u14_20
  1622  0129                     u14_21:
  1623  0129  292F               	goto	i1l89
  1624  012A                     u14_20:
  1625  012A                     i1l1247:
  1626                           
  1627                           ;D2_Lab1.c: 104:     {;D2_Lab1.c: 105:         adresh_aux = ADRESH;
  1628  012A  081E               	movf	30,w	;volatile
  1629  012B  00F5               	movwf	??_isr
  1630  012C  0875               	movf	??_isr,w
  1631  012D  00F1               	movwf	_adresh_aux
  1632  012E                     i1l1249:
  1633                           
  1634                           ;D2_Lab1.c: 106:         PIR1bits.ADIF = 0;
  1635  012E  130C               	bcf	12,6	;volatile
  1636  012F                     i1l89:
  1637  012F  0879               	movf	??_isr+4,w
  1638  0130  008A               	movwf	10
  1639  0131  0878               	movf	??_isr+3,w
  1640  0132  0084               	movwf	4
  1641  0133  0E77               	swapf	??_isr+2,w
  1642  0134  0083               	movwf	3
  1643  0135  0EFE               	swapf	btemp,f
  1644  0136  0E7E               	swapf	btemp,w
  1645  0137  0009               	retfie
  1646  0138                     __end_of_isr:
  1647  007E                     btemp	set	126	;btemp
  1648  007E                     wtemp0	set	126
  1649                           
  1650                           	psect	intentry
  1651  0004                     __pintentry:	
  1652                           ;incstack = 0
  1653                           ; Regs used in _isr: [wreg-fsr0h+status,2+status,0]
  1654                           
  1655  0004                     interrupt_function:
  1656  007E                     saved_w	set	btemp
  1657  0004  00FE               	movwf	btemp
  1658  0005  0E03               	swapf	3,w
  1659  0006  00F7               	movwf	??_isr+2
  1660  0007  0804               	movf	4,w
  1661  0008  00F8               	movwf	??_isr+3
  1662  0009  080A               	movf	10,w
  1663  000A  00F9               	movwf	??_isr+4
  1664  000B  120A  118A  28E3   	ljmp	_isr
  1665                           
  1666                           	psect	config
  1667                           
  1668                           ;Config register CONFIG1 @ 0x2007
  1669                           ;	Oscillator Selection bits
  1670                           ;	FOSC = INTRC_NOCLKOUT, INTOSCIO oscillator: I/O function on RA6/OSC2/CLKOUT pin, I/O f
      +                          unction on RA7/OSC1/CLKIN
  1671                           ;	Watchdog Timer Enable bit
  1672                           ;	WDTE = OFF, WDT disabled and can be enabled by SWDTEN bit of the WDTCON register
  1673                           ;	Power-up Timer Enable bit
  1674                           ;	PWRTE = OFF, PWRT disabled
  1675                           ;	RE3/MCLR pin function select bit
  1676                           ;	MCLRE = OFF, RE3/MCLR pin function is digital input, MCLR internally tied to VDD
  1677                           ;	Code Protection bit
  1678                           ;	CP = OFF, Program memory code protection is disabled
  1679                           ;	Data Code Protection bit
  1680                           ;	CPD = OFF, Data memory code protection is disabled
  1681                           ;	Brown Out Reset Selection bits
  1682                           ;	BOREN = OFF, BOR disabled
  1683                           ;	Internal External Switchover bit
  1684                           ;	IESO = OFF, Internal/External Switchover mode is disabled
  1685                           ;	Fail-Safe Clock Monitor Enabled bit
  1686                           ;	FCMEN = OFF, Fail-Safe Clock Monitor is disabled
  1687                           ;	Low Voltage Programming Enable bit
  1688                           ;	LVP = OFF, RB3 pin has digital I/O, HV on MCLR must be used for programming
  1689                           ;	In-Circuit Debugger Mode bit
  1690                           ;	DEBUG = 0x1, unprogrammed default
  1691  2007                     	org	8199
  1692  2007  20D4               	dw	8404
  1693                           
  1694                           ;Config register CONFIG2 @ 0x2008
  1695                           ;	Brown-out Reset Selection bit
  1696                           ;	BOR4V = BOR40V, Brown-out Reset set to 4.0V
  1697                           ;	Flash Program Memory Self Write Enable bits
  1698                           ;	WRT = OFF, Write protection off
  1699  2008                     	org	8200
  1700  2008  3FFF               	dw	16383

Data Sizes:
    Strings     0
    Constant    0
    Data        0
    BSS         6
    Persistent  0
    Stack       0

Auto Spaces:
    Space          Size  Autos    Used
    COMMON           14      5      10
    BANK0            80     11      12
    BANK1            80      0       0
    BANK3            96      0       0
    BANK2            96      0       0

Pointer List with Targets:

    divisor@unidad	PTR unsigned char  size(1) Largest target is 1
		 -> uni(COMMON[1]), 

    divisor@decena	PTR unsigned char  size(1) Largest target is 1
		 -> dec(COMMON[1]), 


Critical Paths under _main in COMMON

    None.

Critical Paths under _isr in COMMON

    None.

Critical Paths under _main in BANK0

    _main->_divisor

Critical Paths under _isr in BANK0

    None.

Critical Paths under _main in BANK1

    None.

Critical Paths under _isr in BANK1

    None.

Critical Paths under _main in BANK3

    None.

Critical Paths under _isr in BANK3

    None.

Critical Paths under _main in BANK2

    None.

Critical Paths under _isr in BANK2

    None.

Call Graph Tables:

 ---------------------------------------------------------------------------------
 (Depth) Function   	        Calls       Base Space   Used Autos Params    Refs
 ---------------------------------------------------------------------------------
 (0) _main                                                 4     4      0     425
                                              7 BANK0      4     4      0
                         _config_adc
                         _config_int
                          _config_io
                        _config_iocb
                       _config_reloj
                        _config_tmr0
                            _divisor
                              _tabla
 ---------------------------------------------------------------------------------
 (1) _tabla                                                3     3      0      31
                                              0 BANK0      3     3      0
 ---------------------------------------------------------------------------------
 (1) _divisor                                              7     3      4     394
                                              0 BANK0      7     3      4
 ---------------------------------------------------------------------------------
 (1) _config_tmr0                                          0     0      0       0
 ---------------------------------------------------------------------------------
 (1) _config_reloj                                         0     0      0       0
 ---------------------------------------------------------------------------------
 (1) _config_iocb                                          0     0      0       0
 ---------------------------------------------------------------------------------
 (1) _config_io                                            0     0      0       0
 ---------------------------------------------------------------------------------
 (1) _config_int                                           0     0      0       0
 ---------------------------------------------------------------------------------
 (1) _config_adc                                           1     1      0       0
                                              0 BANK0      1     1      0
 ---------------------------------------------------------------------------------
 Estimated maximum stack depth 1
 ---------------------------------------------------------------------------------
 (Depth) Function   	        Calls       Base Space   Used Autos Params    Refs
 ---------------------------------------------------------------------------------
 (2) _isr                                                  5     5      0       0
                                              0 COMMON     5     5      0
 ---------------------------------------------------------------------------------
 Estimated maximum stack depth 2
 ---------------------------------------------------------------------------------

 Call Graph Graphs:

 _main (ROOT)
   _config_adc
   _config_int
   _config_io
   _config_iocb
   _config_reloj
   _config_tmr0
   _divisor
   _tabla

 _isr (ROOT)

 Address spaces:
Name               Size   Autos  Total    Cost      Usage
BITCOMMON            E      0       0       0        0.0%
EEDATA             100      0       0       0        0.0%
NULL                 0      0       0       0        0.0%
CODE                 0      0       0       0        0.0%
COMMON               E      5       A       1       71.4%
BITSFR0              0      0       0       1        0.0%
SFR0                 0      0       0       1        0.0%
BITSFR1              0      0       0       2        0.0%
SFR1                 0      0       0       2        0.0%
STACK                0      0       0       2        0.0%
ABS                  0      0      16       3        0.0%
BITBANK0            50      0       0       4        0.0%
BITSFR3              0      0       0       4        0.0%
SFR3                 0      0       0       4        0.0%
BANK0               50      B       C       5       15.0%
BITSFR2              0      0       0       5        0.0%
SFR2                 0      0       0       5        0.0%
BITBANK1            50      0       0       6        0.0%
BANK1               50      0       0       7        0.0%
BITBANK3            60      0       0       8        0.0%
BANK3               60      0       0       9        0.0%
BITBANK2            60      0       0      10        0.0%
BANK2               60      0       0      11        0.0%
DATA                 0      0      16      12        0.0%


Microchip Technology PIC Macro Assembler V2.32 build 20210201212658 
Symbol Table                                                                                   Thu Jan 27 00:51:08 2022

                     l96 007D                      l103 0186                      l112 0193  
                    l120 00E2                      l106 01A2                      l115 019B  
                    l140 0170                      l109 01A9                      l153 0155  
                    u207 0045                      u217 0152                      u180 0041  
                    u181 0040                      u190 007B                      u175 015D  
                    u191 007A                      _dec 0074                      _isr 00E3  
                    fsr0 0004                      _uni 0073                      indf 0000  
                   l1331 0175                     l1411 008C                     l1341 017C  
                   l1333 0176                     l1405 008A                     l1351 0183  
                   l1343 017D                     l1335 0179                     l1423 0090  
                   l1511 003B                     l1361 01A3                     l1353 0184  
                   l1345 017E                     l1337 017A                     l1329 0171  
                   l1441 0096                     l1417 008E                     l1521 006A  
                   l1513 0041                     l1505 001D                     l1355 0185  
                   l1347 017F                     l1339 017B                     l1371 0197  
                   l1363 0187                     l1435 0094                     l1523 0075  
                   l1515 0048                     l1507 0022                     l1381 014E  
                   l1349 0182                     l1365 018F                     l1453 009A  
                   l1429 0092                     l1525 007B                     l1517 004B  
                   l1509 0027                     l1375 0138                     l1359 019C  
                   l1471 00A0                     l1447 0098                     l1391 0085  
                   l1519 005F                     l1377 0143                     l1369 0194  
                   l1385 0156                     l1465 009E                     l1393 0086  
                   l1379 014D                     l1387 0169                     l1483 00A4  
                   l1459 009C                     l1477 00A2                     l1399 0088  
                   l1489 00A6                     l1497 00A8                     l1587 00B0  
                   ?_isr 0075                     _IOCB 0096                     i1l82 0124  
                   i1l84 0101                     i1l89 012F                     _TMR0 0001  
                   _WPUB 0095                     _main 001D                     btemp 007E  
         ??_config_reloj 0020                     start 000E                    ??_isr 0075  
                  ?_main 0075                    _ANSEL 0188                    u10_20 00E7  
                  u10_21 00E6                    u11_20 00ED                    u11_21 00EC  
                  u12_20 00F5                    u12_21 00F4                    u13_20 00FC  
                  u13_21 00FB                    u14_20 012A                    u14_21 0129  
                  _PORTA 0005                    _PORTB 0006                    _PORTC 0007  
                  _PORTD 0008                    _PORTE 0009                    _TRISA 0085  
                  _TRISC 0087                    _TRISD 0088          __end_of_divisor 0171  
                  _dec_d 0070                    _tabla 0082                    _uni_d 002B  
                  pclath 000A                    status 0003                    wtemp0 007E  
        __initialization 0011             __end_of_main 0082                   ??_main 0027  
                 ?_tabla 0075                   _ADRESH 001E                   _ANSELH 0189  
                 i1l1211 00E3                   i1l1221 00F7                   i1l1213 00E7  
                 i1l1231 010A                   i1l1215 00ED                   i1l1223 00F8  
                 i1l1233 010B                   i1l1225 00FC                   i1l1217 00F1  
                 i1l1235 010D                   i1l1227 00FD                   i1l1219 00F5  
                 i1l1237 010F                   i1l1229 0103                   i1l1245 0114  
                 i1l1247 012A                   i1l1239 0112                   i1l1249 012E  
                 i1l1589 011C     __size_of_config_iocb 0008     __size_of_config_tmr0 000D  
                 _estado 0072                ??_divisor 0024     __end_of_config_reloj 01A3  
                 saved_w 007E  __end_of__initialization 0019           __pcstackCOMMON 0075  
          __end_of_tabla 00E3            divisor@decena 0022           _OPTION_REGbits 0081  
          divisor@unidad 0023       __size_of_config_io 0016                  ??_tabla 0020  
             __pbssBANK0 002B               _adresh_aux 0071               __pmaintext 001D  
             __pintentry 0004               _config_adc 0138               _config_int 01A3  
      __end_of_config_io 0187    __size_of_config_reloj 0007                  __ptext1 0082  
                __ptext2 0156                  __ptext3 0187                  __ptext4 019C  
                __ptext5 0194                  __ptext6 0171                  __ptext7 01A3  
                __ptext8 0138                  __ptext9 00E3                  _divisor 0156  
           __size_of_isr 0055     end_of_initialization 0019             _config_reloj 019C  
              _PORTBbits 0006              ?_config_adc 0075              ?_config_int 0075  
              _TRISBbits 0086                _TRISEbits 0089            ??_config_iocb 0020  
          ??_config_tmr0 0020               divisor@num 0020      start_initialization 0011  
            __end_of_isr 0138      __size_of_config_adc 001E      __size_of_config_int 0007  
    __end_of_config_iocb 019C      __end_of_config_tmr0 0194               tabla@valor 0022  
            __pbssCOMMON 0070                ___latbits 0002            __pcstackBANK0 0020  
              _config_io 0171                 ?_divisor 0020           __size_of_tabla 0061  
      interrupt_function 0004                 _PIE1bits 008C              _config_iocb 0194  
               _PIR1bits 000C              _config_tmr0 0187               ?_config_io 0075  
             _ADCON0bits 001F               _ADCON1bits 009F             ??_config_adc 0020  
           ??_config_int 0020       __end_of_config_adc 0156       __end_of_config_int 01AA  
       __size_of_divisor 001B            __size_of_main 0065              ??_config_io 0020  
             _INTCONbits 000B                 intlevel1 0000               _OSCCONbits 008F  
          ?_config_reloj 0075             ?_config_iocb 0075             ?_config_tmr0 0075  
